<?xml version="1.0" encoding="UTF-8"?>
<testng-results total="1" passed="1" failed="0" skipped="0">
  <reporter-output>
  </reporter-output>
  <suite started-at="2022-11-16T04:53:24Z" name="Default suite" finished-at="2022-11-16T04:53:29Z" duration-ms="5081">
    <groups>
    </groups>
    <test started-at="2022-11-16T04:53:24Z" name="Default test" finished-at="2022-11-16T04:53:29Z" duration-ms="5081">
      <class name="rest_testing.testID">
        <test-method signature="createBoard()[pri:0, instance:rest_testing.testID@51fadaff]" started-at="2022-11-16T10:23:24Z" name="createBoard" finished-at="2022-11-16T10:23:29Z" duration-ms="5050" status="PASS">
          <reporter-output>
          </reporter-output>
        </test-method> <!-- createBoard -->
      </class> <!-- rest_testing.testID -->
    </test> <!-- Default test -->
  </suite> <!-- Default suite -->
</testng-results>
